[2017-04-10 00:00:23] production.ERROR: ParseError: syntax error, unexpected '；' (T_STRING) in /var/www/html/jyhifone/app/Http/Controllers/SendGiftController.php:26
Stack trace:
#0 /var/www/html/jyhifone/vendor/composer/ClassLoader.php(301): Composer\Autoload\includeFile('/var/www/html/j...')
#1 [internal function]: Composer\Autoload\ClassLoader->loadClass('Hifone\\Http\\Con...')
#2 [internal function]: spl_autoload_call('Hifone\\Http\\Con...')
#3 /var/www/html/jyhifone/vendor/laravel/framework/src/Illuminate/Routing/Route.php(280): ReflectionMethod->__construct('Hifone\\Http\\Con...', 'gift')
#4 /var/www/html/jyhifone/vendor/laravel/framework/src/Illuminate/Routing/Router.php(857): Illuminate\Routing\Route->signatureParameters('Illuminate\\Data...')
#5 /var/www/html/jyhifone/vendor/laravel/framework/src/Illuminate/Routing/Router.php(842): Illuminate\Routing\Router->substituteImplicitBindings(Object(Illuminate\Routing\Route))
#6 /var/www/html/jyhifone/vendor/laravel/framework/src/Illuminate/Routing/Router.php(825): Illuminate\Routing\Router->substituteBindings(Object(Illuminate\Routing\Route))
#7 /var/www/html/jyhifone/vendor/laravel/framework/src/Illuminate/Routing/Router.php(691): Illuminate\Routing\Router->findRoute(Object(Illuminate\Http\Request))
#8 /var/www/html/jyhifone/vendor/laravel/framework/src/Illuminate/Routing/Router.php(675): Illuminate\Routing\Router->dispatchToRoute(Object(Illuminate\Http\Request))
#9 /var/www/html/jyhifone/vendor/laravel/framework/src/Illuminate/Foundation/Http/Kernel.php(246): Illuminate\Routing\Router->dispatch(Object(Illuminate\Http\Request))
#10 [internal function]: Illuminate\Foundation\Http\Kernel->Illuminate\Foundation\Http\{closure}(Object(Illuminate\Http\Request))
#11 /var/www/html/jyhifone/vendor/laravel/framework/src/Illuminate/Routing/Pipeline.php(52): call_user_func(Object(Closure), Object(Illuminate\Http\Request))
#12 /var/www/html/jyhifone/vendor/laravel/framework/src/Illuminate/Foundation/Http/Middleware/CheckForMaintenanceMode.php(44): Illuminate\Routing\Pipeline->Illuminate\Routing\{closure}(Object(Illuminate\Http\Request))
#13 [internal function]: Illuminate\Foundation\Http\Middleware\CheckForMaintenanceMode->handle(Object(Illuminate\Http\Request), Object(Closure))
#14 /var/www/html/jyhifone/vendor/laravel/framework/src/Illuminate/Pipeline/Pipeline.php(136): call_user_func_array(Array, Array)
#15 [internal function]: Illuminate\Pipeline\Pipeline->Illuminate\Pipeline\{closure}(Object(Illuminate\Http\Request))
#16 /var/www/html/jyhifone/vendor/laravel/framework/src/Illuminate/Routing/Pipeline.php(32): call_user_func(Object(Closure), Object(Illuminate\Http\Request))
#17 [internal function]: Illuminate\Routing\Pipeline->Illuminate\Routing\{closure}(Object(Illuminate\Http\Request))
#18 /var/www/html/jyhifone/vendor/laravel/framework/src/Illuminate/Pipeline/Pipeline.php(102): call_user_func(Object(Closure), Object(Illuminate\Http\Request))
#19 /var/www/html/jyhifone/vendor/laravel/framework/src/Illuminate/Foundation/Http/Kernel.php(132): Illuminate\Pipeline\Pipeline->then(Object(Closure))
#20 /var/www/html/jyhifone/vendor/laravel/framework/src/Illuminate/Foundation/Http/Kernel.php(99): Illuminate\Foundation\Http\Kernel->sendRequestThroughRouter(Object(Illuminate\Http\Request))
#21 /var/www/html/jyhifone/public/index.php(61): Illuminate\Foundation\Http\Kernel->handle(Object(Illuminate\Http\Request))
#22 {main}

Next ReflectionException: Class Hifone\Http\Controllers\SendGiftController does not exist in /var/www/html/jyhifone/vendor/laravel/framework/src/Illuminate/Routing/Route.php:280
Stack trace:
#0 /var/www/html/jyhifone/vendor/laravel/framework/src/Illuminate/Routing/Route.php(280): ReflectionMethod->__construct('Hifone\\Http\\Con...', 'gift')
#1 /var/www/html/jyhifone/vendor/laravel/framework/src/Illuminate/Routing/Router.php(857): Illuminate\Routing\Route->signatureParameters('Illuminate\\Data...')
#2 /var/www/html/jyhifone/vendor/laravel/framework/src/Illuminate/Routing/Router.php(842): Illuminate\Routing\Router->substituteImplicitBindings(Object(Illuminate\Routing\Route))
#3 /var/www/html/jyhifone/vendor/laravel/framework/src/Illuminate/Routing/Router.php(825): Illuminate\Routing\Router->substituteBindings(Object(Illuminate\Routing\Route))
#4 /var/www/html/jyhifone/vendor/laravel/framework/src/Illuminate/Routing/Router.php(691): Illuminate\Routing\Router->findRoute(Object(Illuminate\Http\Request))
#5 /var/www/html/jyhifone/vendor/laravel/framework/src/Illuminate/Routing/Router.php(675): Illuminate\Routing\Router->dispatchToRoute(Object(Illuminate\Http\Request))
#6 /var/www/html/jyhifone/vendor/laravel/framework/src/Illuminate/Foundation/Http/Kernel.php(246): Illuminate\Routing\Router->dispatch(Object(Illuminate\Http\Request))
#7 [internal function]: Illuminate\Foundation\Http\Kernel->Illuminate\Foundation\Http\{closure}(Object(Illuminate\Http\Request))
#8 /var/www/html/jyhifone/vendor/laravel/framework/src/Illuminate/Routing/Pipeline.php(52): call_user_func(Object(Closure), Object(Illuminate\Http\Request))
#9 /var/www/html/jyhifone/vendor/laravel/framework/src/Illuminate/Foundation/Http/Middleware/CheckForMaintenanceMode.php(44): Illuminate\Routing\Pipeline->Illuminate\Routing\{closure}(Object(Illuminate\Http\Request))
#10 [internal function]: Illuminate\Foundation\Http\Middleware\CheckForMaintenanceMode->handle(Object(Illuminate\Http\Request), Object(Closure))
#11 /var/www/html/jyhifone/vendor/laravel/framework/src/Illuminate/Pipeline/Pipeline.php(136): call_user_func_array(Array, Array)
#12 [internal function]: Illuminate\Pipeline\Pipeline->Illuminate\Pipeline\{closure}(Object(Illuminate\Http\Request))
#13 /var/www/html/jyhifone/vendor/laravel/framework/src/Illuminate/Routing/Pipeline.php(32): call_user_func(Object(Closure), Object(Illuminate\Http\Request))
#14 [internal function]: Illuminate\Routing\Pipeline->Illuminate\Routing\{closure}(Object(Illuminate\Http\Request))
#15 /var/www/html/jyhifone/vendor/laravel/framework/src/Illuminate/Pipeline/Pipeline.php(102): call_user_func(Object(Closure), Object(Illuminate\Http\Request))
#16 /var/www/html/jyhifone/vendor/laravel/framework/src/Illuminate/Foundation/Http/Kernel.php(132): Illuminate\Pipeline\Pipeline->then(Object(Closure))
#17 /var/www/html/jyhifone/vendor/laravel/framework/src/Illuminate/Foundation/Http/Kernel.php(99): Illuminate\Foundation\Http\Kernel->sendRequestThroughRouter(Object(Illuminate\Http\Request))
#18 /var/www/html/jyhifone/public/index.php(61): Illuminate\Foundation\Http\Kernel->handle(Object(Illuminate\Http\Request))
#19 {main} {"identification":{"id":"c407b5dd-c7c1-492c-b59e-fda4f7f8541f"}} 
[2017-04-10 00:00:23] production.CRITICAL: Symfony\Component\Debug\Exception\FatalThrowableError: Type error: Argument 1 passed to Whoops\Exception\Inspector::__construct() must be an instance of Exception, instance of ParseError given, called in /var/www/html/jyhifone/vendor/filp/whoops/src/Whoops/Exception/Inspector.php on line 80 in /var/www/html/jyhifone/vendor/filp/whoops/src/Whoops/Exception/Inspector.php:31
Stack trace:
#0 /var/www/html/jyhifone/vendor/filp/whoops/src/Whoops/Exception/Inspector.php(80): Whoops\Exception\Inspector->__construct(Object(ParseError))
#1 /var/www/html/jyhifone/vendor/filp/whoops/src/Whoops/Exception/Inspector.php(109): Whoops\Exception\Inspector->getPreviousExceptionInspector()
#2 /var/www/html/jyhifone/vendor/filp/whoops/src/Whoops/Handler/PrettyPageHandler.php(130): Whoops\Exception\Inspector->getFrames()
#3 /var/www/html/jyhifone/vendor/filp/whoops/src/Whoops/Run.php(256): Whoops\Handler\PrettyPageHandler->handle(Object(ReflectionException))
#4 /var/www/html/jyhifone/vendor/graham-campbell/exceptions/src/Displayers/DebugDisplayer.php(38): Whoops\Run->handleException(Object(ReflectionException))
#5 /var/www/html/jyhifone/vendor/graham-campbell/exceptions/src/ExceptionHandlerTrait.php(89): GrahamCampbell\Exceptions\Displayers\DebugDisplayer->display(Object(ReflectionException), 'c407b5dd-c7c1-4...', 500, Array)
#6 /var/www/html/jyhifone/vendor/laravel/framework/src/Illuminate/Routing/Pipeline.php(80): GrahamCampbell\Exceptions\ExceptionHandler->render(Object(Illuminate\Http\Request), Object(ReflectionException))
#7 /var/www/html/jyhifone/vendor/laravel/framework/src/Illuminate/Routing/Pipeline.php(54): Illuminate\Routing\Pipeline->handleException(Object(Illuminate\Http\Request), Object(ReflectionException))
#8 /var/www/html/jyhifone/vendor/laravel/framework/src/Illuminate/Foundation/Http/Middleware/CheckForMaintenanceMode.php(44): Illuminate\Routing\Pipeline->Illuminate\Routing\{closure}(Object(Illuminate\Http\Request))
#9 [internal function]: Illuminate\Foundation\Http\Middleware\CheckForMaintenanceMode->handle(Object(Illuminate\Http\Request), Object(Closure))
#10 /var/www/html/jyhifone/vendor/laravel/framework/src/Illuminate/Pipeline/Pipeline.php(136): call_user_func_array(Array, Array)
#11 [internal function]: Illuminate\Pipeline\Pipeline->Illuminate\Pipeline\{closure}(Object(Illuminate\Http\Request))
#12 /var/www/html/jyhifone/vendor/laravel/framework/src/Illuminate/Routing/Pipeline.php(32): call_user_func(Object(Closure), Object(Illuminate\Http\Request))
#13 [internal function]: Illuminate\Routing\Pipeline->Illuminate\Routing\{closure}(Object(Illuminate\Http\Request))
#14 /var/www/html/jyhifone/vendor/laravel/framework/src/Illuminate/Pipeline/Pipeline.php(102): call_user_func(Object(Closure), Object(Illuminate\Http\Request))
#15 /var/www/html/jyhifone/vendor/laravel/framework/src/Illuminate/Foundation/Http/Kernel.php(132): Illuminate\Pipeline\Pipeline->then(Object(Closure))
#16 /var/www/html/jyhifone/vendor/laravel/framework/src/Illuminate/Foundation/Http/Kernel.php(99): Illuminate\Foundation\Http\Kernel->sendRequestThroughRouter(Object(Illuminate\Http\Request))
#17 /var/www/html/jyhifone/public/index.php(61): Illuminate\Foundation\Http\Kernel->handle(Object(Illuminate\Http\Request))
#18 {main} {"identification":{"id":"db7c02d7-db75-439b-99b7-a3ee194c03ad"}} 
[2017-04-10 00:00:48] production.ERROR: ParseError: syntax error, unexpected '；' (T_STRING) in /var/www/html/jyhifone/app/Http/Controllers/SendGiftController.php:26
Stack trace:
#0 /var/www/html/jyhifone/vendor/composer/ClassLoader.php(301): Composer\Autoload\includeFile('/var/www/html/j...')
#1 [internal function]: Composer\Autoload\ClassLoader->loadClass('Hifone\\Http\\Con...')
#2 [internal function]: spl_autoload_call('Hifone\\Http\\Con...')
#3 /var/www/html/jyhifone/vendor/laravel/framework/src/Illuminate/Routing/Route.php(280): ReflectionMethod->__construct('Hifone\\Http\\Con...', 'gift')
#4 /var/www/html/jyhifone/vendor/laravel/framework/src/Illuminate/Routing/Router.php(857): Illuminate\Routing\Route->signatureParameters('Illuminate\\Data...')
#5 /var/www/html/jyhifone/vendor/laravel/framework/src/Illuminate/Routing/Router.php(842): Illuminate\Routing\Router->substituteImplicitBindings(Object(Illuminate\Routing\Route))
#6 /var/www/html/jyhifone/vendor/laravel/framework/src/Illuminate/Routing/Router.php(825): Illuminate\Routing\Router->substituteBindings(Object(Illuminate\Routing\Route))
#7 /var/www/html/jyhifone/vendor/laravel/framework/src/Illuminate/Routing/Router.php(691): Illuminate\Routing\Router->findRoute(Object(Illuminate\Http\Request))
#8 /var/www/html/jyhifone/vendor/laravel/framework/src/Illuminate/Routing/Router.php(675): Illuminate\Routing\Router->dispatchToRoute(Object(Illuminate\Http\Request))
#9 /var/www/html/jyhifone/vendor/laravel/framework/src/Illuminate/Foundation/Http/Kernel.php(246): Illuminate\Routing\Router->dispatch(Object(Illuminate\Http\Request))
#10 [internal function]: Illuminate\Foundation\Http\Kernel->Illuminate\Foundation\Http\{closure}(Object(Illuminate\Http\Request))
#11 /var/www/html/jyhifone/vendor/laravel/framework/src/Illuminate/Routing/Pipeline.php(52): call_user_func(Object(Closure), Object(Illuminate\Http\Request))
#12 /var/www/html/jyhifone/vendor/laravel/framework/src/Illuminate/Foundation/Http/Middleware/CheckForMaintenanceMode.php(44): Illuminate\Routing\Pipeline->Illuminate\Routing\{closure}(Object(Illuminate\Http\Request))
#13 [internal function]: Illuminate\Foundation\Http\Middleware\CheckForMaintenanceMode->handle(Object(Illuminate\Http\Request), Object(Closure))
#14 /var/www/html/jyhifone/vendor/laravel/framework/src/Illuminate/Pipeline/Pipeline.php(136): call_user_func_array(Array, Array)
#15 [internal function]: Illuminate\Pipeline\Pipeline->Illuminate\Pipeline\{closure}(Object(Illuminate\Http\Request))
#16 /var/www/html/jyhifone/vendor/laravel/framework/src/Illuminate/Routing/Pipeline.php(32): call_user_func(Object(Closure), Object(Illuminate\Http\Request))
#17 [internal function]: Illuminate\Routing\Pipeline->Illuminate\Routing\{closure}(Object(Illuminate\Http\Request))
#18 /var/www/html/jyhifone/vendor/laravel/framework/src/Illuminate/Pipeline/Pipeline.php(102): call_user_func(Object(Closure), Object(Illuminate\Http\Request))
#19 /var/www/html/jyhifone/vendor/laravel/framework/src/Illuminate/Foundation/Http/Kernel.php(132): Illuminate\Pipeline\Pipeline->then(Object(Closure))
#20 /var/www/html/jyhifone/vendor/laravel/framework/src/Illuminate/Foundation/Http/Kernel.php(99): Illuminate\Foundation\Http\Kernel->sendRequestThroughRouter(Object(Illuminate\Http\Request))
#21 /var/www/html/jyhifone/public/index.php(61): Illuminate\Foundation\Http\Kernel->handle(Object(Illuminate\Http\Request))
#22 {main}

Next ReflectionException: Class Hifone\Http\Controllers\SendGiftController does not exist in /var/www/html/jyhifone/vendor/laravel/framework/src/Illuminate/Routing/Route.php:280
Stack trace:
#0 /var/www/html/jyhifone/vendor/laravel/framework/src/Illuminate/Routing/Route.php(280): ReflectionMethod->__construct('Hifone\\Http\\Con...', 'gift')
#1 /var/www/html/jyhifone/vendor/laravel/framework/src/Illuminate/Routing/Router.php(857): Illuminate\Routing\Route->signatureParameters('Illuminate\\Data...')
#2 /var/www/html/jyhifone/vendor/laravel/framework/src/Illuminate/Routing/Router.php(842): Illuminate\Routing\Router->substituteImplicitBindings(Object(Illuminate\Routing\Route))
#3 /var/www/html/jyhifone/vendor/laravel/framework/src/Illuminate/Routing/Router.php(825): Illuminate\Routing\Router->substituteBindings(Object(Illuminate\Routing\Route))
#4 /var/www/html/jyhifone/vendor/laravel/framework/src/Illuminate/Routing/Router.php(691): Illuminate\Routing\Router->findRoute(Object(Illuminate\Http\Request))
#5 /var/www/html/jyhifone/vendor/laravel/framework/src/Illuminate/Routing/Router.php(675): Illuminate\Routing\Router->dispatchToRoute(Object(Illuminate\Http\Request))
#6 /var/www/html/jyhifone/vendor/laravel/framework/src/Illuminate/Foundation/Http/Kernel.php(246): Illuminate\Routing\Router->dispatch(Object(Illuminate\Http\Request))
#7 [internal function]: Illuminate\Foundation\Http\Kernel->Illuminate\Foundation\Http\{closure}(Object(Illuminate\Http\Request))
#8 /var/www/html/jyhifone/vendor/laravel/framework/src/Illuminate/Routing/Pipeline.php(52): call_user_func(Object(Closure), Object(Illuminate\Http\Request))
#9 /var/www/html/jyhifone/vendor/laravel/framework/src/Illuminate/Foundation/Http/Middleware/CheckForMaintenanceMode.php(44): Illuminate\Routing\Pipeline->Illuminate\Routing\{closure}(Object(Illuminate\Http\Request))
#10 [internal function]: Illuminate\Foundation\Http\Middleware\CheckForMaintenanceMode->handle(Object(Illuminate\Http\Request), Object(Closure))
#11 /var/www/html/jyhifone/vendor/laravel/framework/src/Illuminate/Pipeline/Pipeline.php(136): call_user_func_array(Array, Array)
#12 [internal function]: Illuminate\Pipeline\Pipeline->Illuminate\Pipeline\{closure}(Object(Illuminate\Http\Request))
#13 /var/www/html/jyhifone/vendor/laravel/framework/src/Illuminate/Routing/Pipeline.php(32): call_user_func(Object(Closure), Object(Illuminate\Http\Request))
#14 [internal function]: Illuminate\Routing\Pipeline->Illuminate\Routing\{closure}(Object(Illuminate\Http\Request))
#15 /var/www/html/jyhifone/vendor/laravel/framework/src/Illuminate/Pipeline/Pipeline.php(102): call_user_func(Object(Closure), Object(Illuminate\Http\Request))
#16 /var/www/html/jyhifone/vendor/laravel/framework/src/Illuminate/Foundation/Http/Kernel.php(132): Illuminate\Pipeline\Pipeline->then(Object(Closure))
#17 /var/www/html/jyhifone/vendor/laravel/framework/src/Illuminate/Foundation/Http/Kernel.php(99): Illuminate\Foundation\Http\Kernel->sendRequestThroughRouter(Object(Illuminate\Http\Request))
#18 /var/www/html/jyhifone/public/index.php(61): Illuminate\Foundation\Http\Kernel->handle(Object(Illuminate\Http\Request))
#19 {main} {"identification":{"id":"ce8e78e2-2d0f-41b9-a20d-ea7da4fc7c2f"}} 
[2017-04-10 00:00:48] production.CRITICAL: Symfony\Component\Debug\Exception\FatalThrowableError: Type error: Argument 1 passed to Whoops\Exception\Inspector::__construct() must be an instance of Exception, instance of ParseError given, called in /var/www/html/jyhifone/vendor/filp/whoops/src/Whoops/Exception/Inspector.php on line 80 in /var/www/html/jyhifone/vendor/filp/whoops/src/Whoops/Exception/Inspector.php:31
Stack trace:
#0 /var/www/html/jyhifone/vendor/filp/whoops/src/Whoops/Exception/Inspector.php(80): Whoops\Exception\Inspector->__construct(Object(ParseError))
#1 /var/www/html/jyhifone/vendor/filp/whoops/src/Whoops/Exception/Inspector.php(109): Whoops\Exception\Inspector->getPreviousExceptionInspector()
#2 /var/www/html/jyhifone/vendor/filp/whoops/src/Whoops/Handler/PrettyPageHandler.php(130): Whoops\Exception\Inspector->getFrames()
#3 /var/www/html/jyhifone/vendor/filp/whoops/src/Whoops/Run.php(256): Whoops\Handler\PrettyPageHandler->handle(Object(ReflectionException))
#4 /var/www/html/jyhifone/vendor/graham-campbell/exceptions/src/Displayers/DebugDisplayer.php(38): Whoops\Run->handleException(Object(ReflectionException))
#5 /var/www/html/jyhifone/vendor/graham-campbell/exceptions/src/ExceptionHandlerTrait.php(89): GrahamCampbell\Exceptions\Displayers\DebugDisplayer->display(Object(ReflectionException), 'ce8e78e2-2d0f-4...', 500, Array)
#6 /var/www/html/jyhifone/vendor/laravel/framework/src/Illuminate/Routing/Pipeline.php(80): GrahamCampbell\Exceptions\ExceptionHandler->render(Object(Illuminate\Http\Request), Object(ReflectionException))
#7 /var/www/html/jyhifone/vendor/laravel/framework/src/Illuminate/Routing/Pipeline.php(54): Illuminate\Routing\Pipeline->handleException(Object(Illuminate\Http\Request), Object(ReflectionException))
#8 /var/www/html/jyhifone/vendor/laravel/framework/src/Illuminate/Foundation/Http/Middleware/CheckForMaintenanceMode.php(44): Illuminate\Routing\Pipeline->Illuminate\Routing\{closure}(Object(Illuminate\Http\Request))
#9 [internal function]: Illuminate\Foundation\Http\Middleware\CheckForMaintenanceMode->handle(Object(Illuminate\Http\Request), Object(Closure))
#10 /var/www/html/jyhifone/vendor/laravel/framework/src/Illuminate/Pipeline/Pipeline.php(136): call_user_func_array(Array, Array)
#11 [internal function]: Illuminate\Pipeline\Pipeline->Illuminate\Pipeline\{closure}(Object(Illuminate\Http\Request))
#12 /var/www/html/jyhifone/vendor/laravel/framework/src/Illuminate/Routing/Pipeline.php(32): call_user_func(Object(Closure), Object(Illuminate\Http\Request))
#13 [internal function]: Illuminate\Routing\Pipeline->Illuminate\Routing\{closure}(Object(Illuminate\Http\Request))
#14 /var/www/html/jyhifone/vendor/laravel/framework/src/Illuminate/Pipeline/Pipeline.php(102): call_user_func(Object(Closure), Object(Illuminate\Http\Request))
#15 /var/www/html/jyhifone/vendor/laravel/framework/src/Illuminate/Foundation/Http/Kernel.php(132): Illuminate\Pipeline\Pipeline->then(Object(Closure))
#16 /var/www/html/jyhifone/vendor/laravel/framework/src/Illuminate/Foundation/Http/Kernel.php(99): Illuminate\Foundation\Http\Kernel->sendRequestThroughRouter(Object(Illuminate\Http\Request))
#17 /var/www/html/jyhifone/public/index.php(61): Illuminate\Foundation\Http\Kernel->handle(Object(Illuminate\Http\Request))
#18 {main} {"identification":{"id":"00ff2def-21ee-47bb-aff0-4eaaeab9aa07"}} 
[2017-04-10 00:01:00] production.ERROR: ParseError: syntax error, unexpected '；' (T_STRING) in /var/www/html/jyhifone/app/Http/Controllers/SendGiftController.php:26
Stack trace:
#0 /var/www/html/jyhifone/vendor/composer/ClassLoader.php(301): Composer\Autoload\includeFile('/var/www/html/j...')
#1 [internal function]: Composer\Autoload\ClassLoader->loadClass('Hifone\\Http\\Con...')
#2 [internal function]: spl_autoload_call('Hifone\\Http\\Con...')
#3 /var/www/html/jyhifone/vendor/laravel/framework/src/Illuminate/Routing/Route.php(280): ReflectionMethod->__construct('Hifone\\Http\\Con...', 'gift')
#4 /var/www/html/jyhifone/vendor/laravel/framework/src/Illuminate/Routing/Router.php(857): Illuminate\Routing\Route->signatureParameters('Illuminate\\Data...')
#5 /var/www/html/jyhifone/vendor/laravel/framework/src/Illuminate/Routing/Router.php(842): Illuminate\Routing\Router->substituteImplicitBindings(Object(Illuminate\Routing\Route))
#6 /var/www/html/jyhifone/vendor/laravel/framework/src/Illuminate/Routing/Router.php(825): Illuminate\Routing\Router->substituteBindings(Object(Illuminate\Routing\Route))
#7 /var/www/html/jyhifone/vendor/laravel/framework/src/Illuminate/Routing/Router.php(691): Illuminate\Routing\Router->findRoute(Object(Illuminate\Http\Request))
#8 /var/www/html/jyhifone/vendor/laravel/framework/src/Illuminate/Routing/Router.php(675): Illuminate\Routing\Router->dispatchToRoute(Object(Illuminate\Http\Request))
#9 /var/www/html/jyhifone/vendor/laravel/framework/src/Illuminate/Foundation/Http/Kernel.php(246): Illuminate\Routing\Router->dispatch(Object(Illuminate\Http\Request))
#10 [internal function]: Illuminate\Foundation\Http\Kernel->Illuminate\Foundation\Http\{closure}(Object(Illuminate\Http\Request))
#11 /var/www/html/jyhifone/vendor/laravel/framework/src/Illuminate/Routing/Pipeline.php(52): call_user_func(Object(Closure), Object(Illuminate\Http\Request))
#12 /var/www/html/jyhifone/vendor/laravel/framework/src/Illuminate/Foundation/Http/Middleware/CheckForMaintenanceMode.php(44): Illuminate\Routing\Pipeline->Illuminate\Routing\{closure}(Object(Illuminate\Http\Request))
#13 [internal function]: Illuminate\Foundation\Http\Middleware\CheckForMaintenanceMode->handle(Object(Illuminate\Http\Request), Object(Closure))
#14 /var/www/html/jyhifone/vendor/laravel/framework/src/Illuminate/Pipeline/Pipeline.php(136): call_user_func_array(Array, Array)
#15 [internal function]: Illuminate\Pipeline\Pipeline->Illuminate\Pipeline\{closure}(Object(Illuminate\Http\Request))
#16 /var/www/html/jyhifone/vendor/laravel/framework/src/Illuminate/Routing/Pipeline.php(32): call_user_func(Object(Closure), Object(Illuminate\Http\Request))
#17 [internal function]: Illuminate\Routing\Pipeline->Illuminate\Routing\{closure}(Object(Illuminate\Http\Request))
#18 /var/www/html/jyhifone/vendor/laravel/framework/src/Illuminate/Pipeline/Pipeline.php(102): call_user_func(Object(Closure), Object(Illuminate\Http\Request))
#19 /var/www/html/jyhifone/vendor/laravel/framework/src/Illuminate/Foundation/Http/Kernel.php(132): Illuminate\Pipeline\Pipeline->then(Object(Closure))
#20 /var/www/html/jyhifone/vendor/laravel/framework/src/Illuminate/Foundation/Http/Kernel.php(99): Illuminate\Foundation\Http\Kernel->sendRequestThroughRouter(Object(Illuminate\Http\Request))
#21 /var/www/html/jyhifone/public/index.php(61): Illuminate\Foundation\Http\Kernel->handle(Object(Illuminate\Http\Request))
#22 {main}

Next ReflectionException: Class Hifone\Http\Controllers\SendGiftController does not exist in /var/www/html/jyhifone/vendor/laravel/framework/src/Illuminate/Routing/Route.php:280
Stack trace:
#0 /var/www/html/jyhifone/vendor/laravel/framework/src/Illuminate/Routing/Route.php(280): ReflectionMethod->__construct('Hifone\\Http\\Con...', 'gift')
#1 /var/www/html/jyhifone/vendor/laravel/framework/src/Illuminate/Routing/Router.php(857): Illuminate\Routing\Route->signatureParameters('Illuminate\\Data...')
#2 /var/www/html/jyhifone/vendor/laravel/framework/src/Illuminate/Routing/Router.php(842): Illuminate\Routing\Router->substituteImplicitBindings(Object(Illuminate\Routing\Route))
#3 /var/www/html/jyhifone/vendor/laravel/framework/src/Illuminate/Routing/Router.php(825): Illuminate\Routing\Router->substituteBindings(Object(Illuminate\Routing\Route))
#4 /var/www/html/jyhifone/vendor/laravel/framework/src/Illuminate/Routing/Router.php(691): Illuminate\Routing\Router->findRoute(Object(Illuminate\Http\Request))
#5 /var/www/html/jyhifone/vendor/laravel/framework/src/Illuminate/Routing/Router.php(675): Illuminate\Routing\Router->dispatchToRoute(Object(Illuminate\Http\Request))
#6 /var/www/html/jyhifone/vendor/laravel/framework/src/Illuminate/Foundation/Http/Kernel.php(246): Illuminate\Routing\Router->dispatch(Object(Illuminate\Http\Request))
#7 [internal function]: Illuminate\Foundation\Http\Kernel->Illuminate\Foundation\Http\{closure}(Object(Illuminate\Http\Request))
#8 /var/www/html/jyhifone/vendor/laravel/framework/src/Illuminate/Routing/Pipeline.php(52): call_user_func(Object(Closure), Object(Illuminate\Http\Request))
#9 /var/www/html/jyhifone/vendor/laravel/framework/src/Illuminate/Foundation/Http/Middleware/CheckForMaintenanceMode.php(44): Illuminate\Routing\Pipeline->Illuminate\Routing\{closure}(Object(Illuminate\Http\Request))
#10 [internal function]: Illuminate\Foundation\Http\Middleware\CheckForMaintenanceMode->handle(Object(Illuminate\Http\Request), Object(Closure))
#11 /var/www/html/jyhifone/vendor/laravel/framework/src/Illuminate/Pipeline/Pipeline.php(136): call_user_func_array(Array, Array)
#12 [internal function]: Illuminate\Pipeline\Pipeline->Illuminate\Pipeline\{closure}(Object(Illuminate\Http\Request))
#13 /var/www/html/jyhifone/vendor/laravel/framework/src/Illuminate/Routing/Pipeline.php(32): call_user_func(Object(Closure), Object(Illuminate\Http\Request))
#14 [internal function]: Illuminate\Routing\Pipeline->Illuminate\Routing\{closure}(Object(Illuminate\Http\Request))
#15 /var/www/html/jyhifone/vendor/laravel/framework/src/Illuminate/Pipeline/Pipeline.php(102): call_user_func(Object(Closure), Object(Illuminate\Http\Request))
#16 /var/www/html/jyhifone/vendor/laravel/framework/src/Illuminate/Foundation/Http/Kernel.php(132): Illuminate\Pipeline\Pipeline->then(Object(Closure))
#17 /var/www/html/jyhifone/vendor/laravel/framework/src/Illuminate/Foundation/Http/Kernel.php(99): Illuminate\Foundation\Http\Kernel->sendRequestThroughRouter(Object(Illuminate\Http\Request))
#18 /var/www/html/jyhifone/public/index.php(61): Illuminate\Foundation\Http\Kernel->handle(Object(Illuminate\Http\Request))
#19 {main} {"identification":{"id":"ff83c6d5-7e8e-4bce-a75a-03a63e2c7424"}} 
[2017-04-10 00:01:00] production.CRITICAL: Symfony\Component\Debug\Exception\FatalThrowableError: Type error: Argument 1 passed to Whoops\Exception\Inspector::__construct() must be an instance of Exception, instance of ParseError given, called in /var/www/html/jyhifone/vendor/filp/whoops/src/Whoops/Exception/Inspector.php on line 80 in /var/www/html/jyhifone/vendor/filp/whoops/src/Whoops/Exception/Inspector.php:31
Stack trace:
#0 /var/www/html/jyhifone/vendor/filp/whoops/src/Whoops/Exception/Inspector.php(80): Whoops\Exception\Inspector->__construct(Object(ParseError))
#1 /var/www/html/jyhifone/vendor/filp/whoops/src/Whoops/Exception/Inspector.php(109): Whoops\Exception\Inspector->getPreviousExceptionInspector()
#2 /var/www/html/jyhifone/vendor/filp/whoops/src/Whoops/Handler/PrettyPageHandler.php(130): Whoops\Exception\Inspector->getFrames()
#3 /var/www/html/jyhifone/vendor/filp/whoops/src/Whoops/Run.php(256): Whoops\Handler\PrettyPageHandler->handle(Object(ReflectionException))
#4 /var/www/html/jyhifone/vendor/graham-campbell/exceptions/src/Displayers/DebugDisplayer.php(38): Whoops\Run->handleException(Object(ReflectionException))
#5 /var/www/html/jyhifone/vendor/graham-campbell/exceptions/src/ExceptionHandlerTrait.php(89): GrahamCampbell\Exceptions\Displayers\DebugDisplayer->display(Object(ReflectionException), 'ff83c6d5-7e8e-4...', 500, Array)
#6 /var/www/html/jyhifone/vendor/laravel/framework/src/Illuminate/Routing/Pipeline.php(80): GrahamCampbell\Exceptions\ExceptionHandler->render(Object(Illuminate\Http\Request), Object(ReflectionException))
#7 /var/www/html/jyhifone/vendor/laravel/framework/src/Illuminate/Routing/Pipeline.php(54): Illuminate\Routing\Pipeline->handleException(Object(Illuminate\Http\Request), Object(ReflectionException))
#8 /var/www/html/jyhifone/vendor/laravel/framework/src/Illuminate/Foundation/Http/Middleware/CheckForMaintenanceMode.php(44): Illuminate\Routing\Pipeline->Illuminate\Routing\{closure}(Object(Illuminate\Http\Request))
#9 [internal function]: Illuminate\Foundation\Http\Middleware\CheckForMaintenanceMode->handle(Object(Illuminate\Http\Request), Object(Closure))
#10 /var/www/html/jyhifone/vendor/laravel/framework/src/Illuminate/Pipeline/Pipeline.php(136): call_user_func_array(Array, Array)
#11 [internal function]: Illuminate\Pipeline\Pipeline->Illuminate\Pipeline\{closure}(Object(Illuminate\Http\Request))
#12 /var/www/html/jyhifone/vendor/laravel/framework/src/Illuminate/Routing/Pipeline.php(32): call_user_func(Object(Closure), Object(Illuminate\Http\Request))
#13 [internal function]: Illuminate\Routing\Pipeline->Illuminate\Routing\{closure}(Object(Illuminate\Http\Request))
#14 /var/www/html/jyhifone/vendor/laravel/framework/src/Illuminate/Pipeline/Pipeline.php(102): call_user_func(Object(Closure), Object(Illuminate\Http\Request))
#15 /var/www/html/jyhifone/vendor/laravel/framework/src/Illuminate/Foundation/Http/Kernel.php(132): Illuminate\Pipeline\Pipeline->then(Object(Closure))
#16 /var/www/html/jyhifone/vendor/laravel/framework/src/Illuminate/Foundation/Http/Kernel.php(99): Illuminate\Foundation\Http\Kernel->sendRequestThroughRouter(Object(Illuminate\Http\Request))
#17 /var/www/html/jyhifone/public/index.php(61): Illuminate\Foundation\Http\Kernel->handle(Object(Illuminate\Http\Request))
#18 {main} {"identification":{"id":"b93076be-5718-4905-a25b-fbe5b9be0fde"}} 
[2017-04-10 00:01:22] production.ERROR: ParseError: syntax error, unexpected '；' (T_STRING) in /var/www/html/jyhifone/app/Http/Controllers/SendGiftController.php:34
Stack trace:
#0 /var/www/html/jyhifone/vendor/composer/ClassLoader.php(301): Composer\Autoload\includeFile('/var/www/html/j...')
#1 [internal function]: Composer\Autoload\ClassLoader->loadClass('Hifone\\Http\\Con...')
#2 [internal function]: spl_autoload_call('Hifone\\Http\\Con...')
#3 /var/www/html/jyhifone/vendor/laravel/framework/src/Illuminate/Routing/Route.php(280): ReflectionMethod->__construct('Hifone\\Http\\Con...', 'gift')
#4 /var/www/html/jyhifone/vendor/laravel/framework/src/Illuminate/Routing/Router.php(857): Illuminate\Routing\Route->signatureParameters('Illuminate\\Data...')
#5 /var/www/html/jyhifone/vendor/laravel/framework/src/Illuminate/Routing/Router.php(842): Illuminate\Routing\Router->substituteImplicitBindings(Object(Illuminate\Routing\Route))
#6 /var/www/html/jyhifone/vendor/laravel/framework/src/Illuminate/Routing/Router.php(825): Illuminate\Routing\Router->substituteBindings(Object(Illuminate\Routing\Route))
#7 /var/www/html/jyhifone/vendor/laravel/framework/src/Illuminate/Routing/Router.php(691): Illuminate\Routing\Router->findRoute(Object(Illuminate\Http\Request))
#8 /var/www/html/jyhifone/vendor/laravel/framework/src/Illuminate/Routing/Router.php(675): Illuminate\Routing\Router->dispatchToRoute(Object(Illuminate\Http\Request))
#9 /var/www/html/jyhifone/vendor/laravel/framework/src/Illuminate/Foundation/Http/Kernel.php(246): Illuminate\Routing\Router->dispatch(Object(Illuminate\Http\Request))
#10 [internal function]: Illuminate\Foundation\Http\Kernel->Illuminate\Foundation\Http\{closure}(Object(Illuminate\Http\Request))
#11 /var/www/html/jyhifone/vendor/laravel/framework/src/Illuminate/Routing/Pipeline.php(52): call_user_func(Object(Closure), Object(Illuminate\Http\Request))
#12 /var/www/html/jyhifone/vendor/laravel/framework/src/Illuminate/Foundation/Http/Middleware/CheckForMaintenanceMode.php(44): Illuminate\Routing\Pipeline->Illuminate\Routing\{closure}(Object(Illuminate\Http\Request))
#13 [internal function]: Illuminate\Foundation\Http\Middleware\CheckForMaintenanceMode->handle(Object(Illuminate\Http\Request), Object(Closure))
#14 /var/www/html/jyhifone/vendor/laravel/framework/src/Illuminate/Pipeline/Pipeline.php(136): call_user_func_array(Array, Array)
#15 [internal function]: Illuminate\Pipeline\Pipeline->Illuminate\Pipeline\{closure}(Object(Illuminate\Http\Request))
#16 /var/www/html/jyhifone/vendor/laravel/framework/src/Illuminate/Routing/Pipeline.php(32): call_user_func(Object(Closure), Object(Illuminate\Http\Request))
#17 [internal function]: Illuminate\Routing\Pipeline->Illuminate\Routing\{closure}(Object(Illuminate\Http\Request))
#18 /var/www/html/jyhifone/vendor/laravel/framework/src/Illuminate/Pipeline/Pipeline.php(102): call_user_func(Object(Closure), Object(Illuminate\Http\Request))
#19 /var/www/html/jyhifone/vendor/laravel/framework/src/Illuminate/Foundation/Http/Kernel.php(132): Illuminate\Pipeline\Pipeline->then(Object(Closure))
#20 /var/www/html/jyhifone/vendor/laravel/framework/src/Illuminate/Foundation/Http/Kernel.php(99): Illuminate\Foundation\Http\Kernel->sendRequestThroughRouter(Object(Illuminate\Http\Request))
#21 /var/www/html/jyhifone/public/index.php(61): Illuminate\Foundation\Http\Kernel->handle(Object(Illuminate\Http\Request))
#22 {main}

Next ReflectionException: Class Hifone\Http\Controllers\SendGiftController does not exist in /var/www/html/jyhifone/vendor/laravel/framework/src/Illuminate/Routing/Route.php:280
Stack trace:
#0 /var/www/html/jyhifone/vendor/laravel/framework/src/Illuminate/Routing/Route.php(280): ReflectionMethod->__construct('Hifone\\Http\\Con...', 'gift')
#1 /var/www/html/jyhifone/vendor/laravel/framework/src/Illuminate/Routing/Router.php(857): Illuminate\Routing\Route->signatureParameters('Illuminate\\Data...')
#2 /var/www/html/jyhifone/vendor/laravel/framework/src/Illuminate/Routing/Router.php(842): Illuminate\Routing\Router->substituteImplicitBindings(Object(Illuminate\Routing\Route))
#3 /var/www/html/jyhifone/vendor/laravel/framework/src/Illuminate/Routing/Router.php(825): Illuminate\Routing\Router->substituteBindings(Object(Illuminate\Routing\Route))
#4 /var/www/html/jyhifone/vendor/laravel/framework/src/Illuminate/Routing/Router.php(691): Illuminate\Routing\Router->findRoute(Object(Illuminate\Http\Request))
#5 /var/www/html/jyhifone/vendor/laravel/framework/src/Illuminate/Routing/Router.php(675): Illuminate\Routing\Router->dispatchToRoute(Object(Illuminate\Http\Request))
#6 /var/www/html/jyhifone/vendor/laravel/framework/src/Illuminate/Foundation/Http/Kernel.php(246): Illuminate\Routing\Router->dispatch(Object(Illuminate\Http\Request))
#7 [internal function]: Illuminate\Foundation\Http\Kernel->Illuminate\Foundation\Http\{closure}(Object(Illuminate\Http\Request))
#8 /var/www/html/jyhifone/vendor/laravel/framework/src/Illuminate/Routing/Pipeline.php(52): call_user_func(Object(Closure), Object(Illuminate\Http\Request))
#9 /var/www/html/jyhifone/vendor/laravel/framework/src/Illuminate/Foundation/Http/Middleware/CheckForMaintenanceMode.php(44): Illuminate\Routing\Pipeline->Illuminate\Routing\{closure}(Object(Illuminate\Http\Request))
#10 [internal function]: Illuminate\Foundation\Http\Middleware\CheckForMaintenanceMode->handle(Object(Illuminate\Http\Request), Object(Closure))
#11 /var/www/html/jyhifone/vendor/laravel/framework/src/Illuminate/Pipeline/Pipeline.php(136): call_user_func_array(Array, Array)
#12 [internal function]: Illuminate\Pipeline\Pipeline->Illuminate\Pipeline\{closure}(Object(Illuminate\Http\Request))
#13 /var/www/html/jyhifone/vendor/laravel/framework/src/Illuminate/Routing/Pipeline.php(32): call_user_func(Object(Closure), Object(Illuminate\Http\Request))
#14 [internal function]: Illuminate\Routing\Pipeline->Illuminate\Routing\{closure}(Object(Illuminate\Http\Request))
#15 /var/www/html/jyhifone/vendor/laravel/framework/src/Illuminate/Pipeline/Pipeline.php(102): call_user_func(Object(Closure), Object(Illuminate\Http\Request))
#16 /var/www/html/jyhifone/vendor/laravel/framework/src/Illuminate/Foundation/Http/Kernel.php(132): Illuminate\Pipeline\Pipeline->then(Object(Closure))
#17 /var/www/html/jyhifone/vendor/laravel/framework/src/Illuminate/Foundation/Http/Kernel.php(99): Illuminate\Foundation\Http\Kernel->sendRequestThroughRouter(Object(Illuminate\Http\Request))
#18 /var/www/html/jyhifone/public/index.php(61): Illuminate\Foundation\Http\Kernel->handle(Object(Illuminate\Http\Request))
#19 {main} {"identification":{"id":"0c67789e-7102-4d5b-9db5-c469860bbfac"}} 
[2017-04-10 00:01:22] production.CRITICAL: Symfony\Component\Debug\Exception\FatalThrowableError: Type error: Argument 1 passed to Whoops\Exception\Inspector::__construct() must be an instance of Exception, instance of ParseError given, called in /var/www/html/jyhifone/vendor/filp/whoops/src/Whoops/Exception/Inspector.php on line 80 in /var/www/html/jyhifone/vendor/filp/whoops/src/Whoops/Exception/Inspector.php:31
Stack trace:
#0 /var/www/html/jyhifone/vendor/filp/whoops/src/Whoops/Exception/Inspector.php(80): Whoops\Exception\Inspector->__construct(Object(ParseError))
#1 /var/www/html/jyhifone/vendor/filp/whoops/src/Whoops/Exception/Inspector.php(109): Whoops\Exception\Inspector->getPreviousExceptionInspector()
#2 /var/www/html/jyhifone/vendor/filp/whoops/src/Whoops/Handler/PrettyPageHandler.php(130): Whoops\Exception\Inspector->getFrames()
#3 /var/www/html/jyhifone/vendor/filp/whoops/src/Whoops/Run.php(256): Whoops\Handler\PrettyPageHandler->handle(Object(ReflectionException))
#4 /var/www/html/jyhifone/vendor/graham-campbell/exceptions/src/Displayers/DebugDisplayer.php(38): Whoops\Run->handleException(Object(ReflectionException))
#5 /var/www/html/jyhifone/vendor/graham-campbell/exceptions/src/ExceptionHandlerTrait.php(89): GrahamCampbell\Exceptions\Displayers\DebugDisplayer->display(Object(ReflectionException), '0c67789e-7102-4...', 500, Array)
#6 /var/www/html/jyhifone/vendor/laravel/framework/src/Illuminate/Routing/Pipeline.php(80): GrahamCampbell\Exceptions\ExceptionHandler->render(Object(Illuminate\Http\Request), Object(ReflectionException))
#7 /var/www/html/jyhifone/vendor/laravel/framework/src/Illuminate/Routing/Pipeline.php(54): Illuminate\Routing\Pipeline->handleException(Object(Illuminate\Http\Request), Object(ReflectionException))
#8 /var/www/html/jyhifone/vendor/laravel/framework/src/Illuminate/Foundation/Http/Middleware/CheckForMaintenanceMode.php(44): Illuminate\Routing\Pipeline->Illuminate\Routing\{closure}(Object(Illuminate\Http\Request))
#9 [internal function]: Illuminate\Foundation\Http\Middleware\CheckForMaintenanceMode->handle(Object(Illuminate\Http\Request), Object(Closure))
#10 /var/www/html/jyhifone/vendor/laravel/framework/src/Illuminate/Pipeline/Pipeline.php(136): call_user_func_array(Array, Array)
#11 [internal function]: Illuminate\Pipeline\Pipeline->Illuminate\Pipeline\{closure}(Object(Illuminate\Http\Request))
#12 /var/www/html/jyhifone/vendor/laravel/framework/src/Illuminate/Routing/Pipeline.php(32): call_user_func(Object(Closure), Object(Illuminate\Http\Request))
#13 [internal function]: Illuminate\Routing\Pipeline->Illuminate\Routing\{closure}(Object(Illuminate\Http\Request))
#14 /var/www/html/jyhifone/vendor/laravel/framework/src/Illuminate/Pipeline/Pipeline.php(102): call_user_func(Object(Closure), Object(Illuminate\Http\Request))
#15 /var/www/html/jyhifone/vendor/laravel/framework/src/Illuminate/Foundation/Http/Kernel.php(132): Illuminate\Pipeline\Pipeline->then(Object(Closure))
#16 /var/www/html/jyhifone/vendor/laravel/framework/src/Illuminate/Foundation/Http/Kernel.php(99): Illuminate\Foundation\Http\Kernel->sendRequestThroughRouter(Object(Illuminate\Http\Request))
#17 /var/www/html/jyhifone/public/index.php(61): Illuminate\Foundation\Http\Kernel->handle(Object(Illuminate\Http\Request))
#18 {main} {"identification":{"id":"28dbe33d-531e-48d7-8fb8-44b1eec172dd"}} 
[2017-04-10 00:01:52] production.ERROR: ParseError: syntax error, unexpected '；' (T_STRING) in /var/www/html/jyhifone/app/Http/Controllers/SendGiftController.php:34
Stack trace:
#0 /var/www/html/jyhifone/vendor/composer/ClassLoader.php(301): Composer\Autoload\includeFile('/var/www/html/j...')
#1 [internal function]: Composer\Autoload\ClassLoader->loadClass('Hifone\\Http\\Con...')
#2 [internal function]: spl_autoload_call('Hifone\\Http\\Con...')
#3 /var/www/html/jyhifone/vendor/laravel/framework/src/Illuminate/Routing/Route.php(280): ReflectionMethod->__construct('Hifone\\Http\\Con...', 'gift')
#4 /var/www/html/jyhifone/vendor/laravel/framework/src/Illuminate/Routing/Router.php(857): Illuminate\Routing\Route->signatureParameters('Illuminate\\Data...')
#5 /var/www/html/jyhifone/vendor/laravel/framework/src/Illuminate/Routing/Router.php(842): Illuminate\Routing\Router->substituteImplicitBindings(Object(Illuminate\Routing\Route))
#6 /var/www/html/jyhifone/vendor/laravel/framework/src/Illuminate/Routing/Router.php(825): Illuminate\Routing\Router->substituteBindings(Object(Illuminate\Routing\Route))
#7 /var/www/html/jyhifone/vendor/laravel/framework/src/Illuminate/Routing/Router.php(691): Illuminate\Routing\Router->findRoute(Object(Illuminate\Http\Request))
#8 /var/www/html/jyhifone/vendor/laravel/framework/src/Illuminate/Routing/Router.php(675): Illuminate\Routing\Router->dispatchToRoute(Object(Illuminate\Http\Request))
#9 /var/www/html/jyhifone/vendor/laravel/framework/src/Illuminate/Foundation/Http/Kernel.php(246): Illuminate\Routing\Router->dispatch(Object(Illuminate\Http\Request))
#10 [internal function]: Illuminate\Foundation\Http\Kernel->Illuminate\Foundation\Http\{closure}(Object(Illuminate\Http\Request))
#11 /var/www/html/jyhifone/vendor/laravel/framework/src/Illuminate/Routing/Pipeline.php(52): call_user_func(Object(Closure), Object(Illuminate\Http\Request))
#12 /var/www/html/jyhifone/vendor/laravel/framework/src/Illuminate/Foundation/Http/Middleware/CheckForMaintenanceMode.php(44): Illuminate\Routing\Pipeline->Illuminate\Routing\{closure}(Object(Illuminate\Http\Request))
#13 [internal function]: Illuminate\Foundation\Http\Middleware\CheckForMaintenanceMode->handle(Object(Illuminate\Http\Request), Object(Closure))
#14 /var/www/html/jyhifone/vendor/laravel/framework/src/Illuminate/Pipeline/Pipeline.php(136): call_user_func_array(Array, Array)
#15 [internal function]: Illuminate\Pipeline\Pipeline->Illuminate\Pipeline\{closure}(Object(Illuminate\Http\Request))
#16 /var/www/html/jyhifone/vendor/laravel/framework/src/Illuminate/Routing/Pipeline.php(32): call_user_func(Object(Closure), Object(Illuminate\Http\Request))
#17 [internal function]: Illuminate\Routing\Pipeline->Illuminate\Routing\{closure}(Object(Illuminate\Http\Request))
#18 /var/www/html/jyhifone/vendor/laravel/framework/src/Illuminate/Pipeline/Pipeline.php(102): call_user_func(Object(Closure), Object(Illuminate\Http\Request))
#19 /var/www/html/jyhifone/vendor/laravel/framework/src/Illuminate/Foundation/Http/Kernel.php(132): Illuminate\Pipeline\Pipeline->then(Object(Closure))
#20 /var/www/html/jyhifone/vendor/laravel/framework/src/Illuminate/Foundation/Http/Kernel.php(99): Illuminate\Foundation\Http\Kernel->sendRequestThroughRouter(Object(Illuminate\Http\Request))
#21 /var/www/html/jyhifone/public/index.php(61): Illuminate\Foundation\Http\Kernel->handle(Object(Illuminate\Http\Request))
#22 {main}

Next ReflectionException: Class Hifone\Http\Controllers\SendGiftController does not exist in /var/www/html/jyhifone/vendor/laravel/framework/src/Illuminate/Routing/Route.php:280
Stack trace:
#0 /var/www/html/jyhifone/vendor/laravel/framework/src/Illuminate/Routing/Route.php(280): ReflectionMethod->__construct('Hifone\\Http\\Con...', 'gift')
#1 /var/www/html/jyhifone/vendor/laravel/framework/src/Illuminate/Routing/Router.php(857): Illuminate\Routing\Route->signatureParameters('Illuminate\\Data...')
#2 /var/www/html/jyhifone/vendor/laravel/framework/src/Illuminate/Routing/Router.php(842): Illuminate\Routing\Router->substituteImplicitBindings(Object(Illuminate\Routing\Route))
#3 /var/www/html/jyhifone/vendor/laravel/framework/src/Illuminate/Routing/Router.php(825): Illuminate\Routing\Router->substituteBindings(Object(Illuminate\Routing\Route))
#4 /var/www/html/jyhifone/vendor/laravel/framework/src/Illuminate/Routing/Router.php(691): Illuminate\Routing\Router->findRoute(Object(Illuminate\Http\Request))
#5 /var/www/html/jyhifone/vendor/laravel/framework/src/Illuminate/Routing/Router.php(675): Illuminate\Routing\Router->dispatchToRoute(Object(Illuminate\Http\Request))
#6 /var/www/html/jyhifone/vendor/laravel/framework/src/Illuminate/Foundation/Http/Kernel.php(246): Illuminate\Routing\Router->dispatch(Object(Illuminate\Http\Request))
#7 [internal function]: Illuminate\Foundation\Http\Kernel->Illuminate\Foundation\Http\{closure}(Object(Illuminate\Http\Request))
#8 /var/www/html/jyhifone/vendor/laravel/framework/src/Illuminate/Routing/Pipeline.php(52): call_user_func(Object(Closure), Object(Illuminate\Http\Request))
#9 /var/www/html/jyhifone/vendor/laravel/framework/src/Illuminate/Foundation/Http/Middleware/CheckForMaintenanceMode.php(44): Illuminate\Routing\Pipeline->Illuminate\Routing\{closure}(Object(Illuminate\Http\Request))
#10 [internal function]: Illuminate\Foundation\Http\Middleware\CheckForMaintenanceMode->handle(Object(Illuminate\Http\Request), Object(Closure))
#11 /var/www/html/jyhifone/vendor/laravel/framework/src/Illuminate/Pipeline/Pipeline.php(136): call_user_func_array(Array, Array)
#12 [internal function]: Illuminate\Pipeline\Pipeline->Illuminate\Pipeline\{closure}(Object(Illuminate\Http\Request))
#13 /var/www/html/jyhifone/vendor/laravel/framework/src/Illuminate/Routing/Pipeline.php(32): call_user_func(Object(Closure), Object(Illuminate\Http\Request))
#14 [internal function]: Illuminate\Routing\Pipeline->Illuminate\Routing\{closure}(Object(Illuminate\Http\Request))
#15 /var/www/html/jyhifone/vendor/laravel/framework/src/Illuminate/Pipeline/Pipeline.php(102): call_user_func(Object(Closure), Object(Illuminate\Http\Request))
#16 /var/www/html/jyhifone/vendor/laravel/framework/src/Illuminate/Foundation/Http/Kernel.php(132): Illuminate\Pipeline\Pipeline->then(Object(Closure))
#17 /var/www/html/jyhifone/vendor/laravel/framework/src/Illuminate/Foundation/Http/Kernel.php(99): Illuminate\Foundation\Http\Kernel->sendRequestThroughRouter(Object(Illuminate\Http\Request))
#18 /var/www/html/jyhifone/public/index.php(61): Illuminate\Foundation\Http\Kernel->handle(Object(Illuminate\Http\Request))
#19 {main} {"identification":{"id":"6a935b68-25f5-49b5-a112-51c0fe500945"}} 
[2017-04-10 00:01:52] production.CRITICAL: Symfony\Component\Debug\Exception\FatalThrowableError: Type error: Argument 1 passed to Whoops\Exception\Inspector::__construct() must be an instance of Exception, instance of ParseError given, called in /var/www/html/jyhifone/vendor/filp/whoops/src/Whoops/Exception/Inspector.php on line 80 in /var/www/html/jyhifone/vendor/filp/whoops/src/Whoops/Exception/Inspector.php:31
Stack trace:
#0 /var/www/html/jyhifone/vendor/filp/whoops/src/Whoops/Exception/Inspector.php(80): Whoops\Exception\Inspector->__construct(Object(ParseError))
#1 /var/www/html/jyhifone/vendor/filp/whoops/src/Whoops/Exception/Inspector.php(109): Whoops\Exception\Inspector->getPreviousExceptionInspector()
#2 /var/www/html/jyhifone/vendor/filp/whoops/src/Whoops/Handler/PrettyPageHandler.php(130): Whoops\Exception\Inspector->getFrames()
#3 /var/www/html/jyhifone/vendor/filp/whoops/src/Whoops/Run.php(256): Whoops\Handler\PrettyPageHandler->handle(Object(ReflectionException))
#4 /var/www/html/jyhifone/vendor/graham-campbell/exceptions/src/Displayers/DebugDisplayer.php(38): Whoops\Run->handleException(Object(ReflectionException))
#5 /var/www/html/jyhifone/vendor/graham-campbell/exceptions/src/ExceptionHandlerTrait.php(89): GrahamCampbell\Exceptions\Displayers\DebugDisplayer->display(Object(ReflectionException), '6a935b68-25f5-4...', 500, Array)
#6 /var/www/html/jyhifone/vendor/laravel/framework/src/Illuminate/Routing/Pipeline.php(80): GrahamCampbell\Exceptions\ExceptionHandler->render(Object(Illuminate\Http\Request), Object(ReflectionException))
#7 /var/www/html/jyhifone/vendor/laravel/framework/src/Illuminate/Routing/Pipeline.php(54): Illuminate\Routing\Pipeline->handleException(Object(Illuminate\Http\Request), Object(ReflectionException))
#8 /var/www/html/jyhifone/vendor/laravel/framework/src/Illuminate/Foundation/Http/Middleware/CheckForMaintenanceMode.php(44): Illuminate\Routing\Pipeline->Illuminate\Routing\{closure}(Object(Illuminate\Http\Request))
#9 [internal function]: Illuminate\Foundation\Http\Middleware\CheckForMaintenanceMode->handle(Object(Illuminate\Http\Request), Object(Closure))
#10 /var/www/html/jyhifone/vendor/laravel/framework/src/Illuminate/Pipeline/Pipeline.php(136): call_user_func_array(Array, Array)
#11 [internal function]: Illuminate\Pipeline\Pipeline->Illuminate\Pipeline\{closure}(Object(Illuminate\Http\Request))
#12 /var/www/html/jyhifone/vendor/laravel/framework/src/Illuminate/Routing/Pipeline.php(32): call_user_func(Object(Closure), Object(Illuminate\Http\Request))
#13 [internal function]: Illuminate\Routing\Pipeline->Illuminate\Routing\{closure}(Object(Illuminate\Http\Request))
#14 /var/www/html/jyhifone/vendor/laravel/framework/src/Illuminate/Pipeline/Pipeline.php(102): call_user_func(Object(Closure), Object(Illuminate\Http\Request))
#15 /var/www/html/jyhifone/vendor/laravel/framework/src/Illuminate/Foundation/Http/Kernel.php(132): Illuminate\Pipeline\Pipeline->then(Object(Closure))
#16 /var/www/html/jyhifone/vendor/laravel/framework/src/Illuminate/Foundation/Http/Kernel.php(99): Illuminate\Foundation\Http\Kernel->sendRequestThroughRouter(Object(Illuminate\Http\Request))
#17 /var/www/html/jyhifone/public/index.php(61): Illuminate\Foundation\Http\Kernel->handle(Object(Illuminate\Http\Request))
#18 {main} {"identification":{"id":"d5a11596-b7e2-4741-9cc3-5f5583f2ca07"}} 
[2017-04-10 00:02:08] production.DEBUG: {"id":1,"name":"login","slug":"\u7528\u6237\u767b\u5f55","frequency":1,"reward":5,"experience":1,"created_at":"2016-08-01 10:57:50","updated_at":"2016-12-11 10:43:23"}  
[2017-04-10 00:02:08] production.ERROR: ErrorException: Undefined variable: gifts in /var/www/html/jyhifone/app/Http/Controllers/SendGiftController.php:41
Stack trace:
#0 /var/www/html/jyhifone/app/Http/Controllers/SendGiftController.php(41): Illuminate\Foundation\Bootstrap\HandleExceptions->handleError(8, 'Undefined varia...', '/var/www/html/j...', 41, Array)
#1 [internal function]: Hifone\Http\Controllers\SendGiftController->gift(Object(Illuminate\Http\Request))
#2 /var/www/html/jyhifone/vendor/laravel/framework/src/Illuminate/Routing/Controller.php(80): call_user_func_array(Array, Array)
#3 /var/www/html/jyhifone/vendor/laravel/framework/src/Illuminate/Routing/ControllerDispatcher.php(146): Illuminate\Routing\Controller->callAction('gift', Array)
#4 /var/www/html/jyhifone/vendor/laravel/framework/src/Illuminate/Routing/ControllerDispatcher.php(94): Illuminate\Routing\ControllerDispatcher->call(Object(Hifone\Http\Controllers\SendGiftController), Object(Illuminate\Routing\Route), 'gift')
#5 [internal function]: Illuminate\Routing\ControllerDispatcher->Illuminate\Routing\{closure}(Object(Illuminate\Http\Request))
#6 /var/www/html/jyhifone/vendor/laravel/framework/src/Illuminate/Routing/Pipeline.php(52): call_user_func(Object(Closure), Object(Illuminate\Http\Request))
#7 /var/www/html/jyhifone/app/Http/Middleware/Authenticate.php(63): Illuminate\Routing\Pipeline->Illuminate\Routing\{closure}(Object(Illuminate\Http\Request))
#8 [internal function]: Hifone\Http\Middleware\Authenticate->handle(Object(Illuminate\Http\Request), Object(Closure))
#9 /var/www/html/jyhifone/vendor/laravel/framework/src/Illuminate/Pipeline/Pipeline.php(136): call_user_func_array(Array, Array)
#10 [internal function]: Illuminate\Pipeline\Pipeline->Illuminate\Pipeline\{closure}(Object(Illuminate\Http\Request))
#11 /var/www/html/jyhifone/vendor/laravel/framework/src/Illuminate/Routing/Pipeline.php(32): call_user_func(Object(Closure), Object(Illuminate\Http\Request))
#12 [internal function]: Illuminate\Routing\Pipeline->Illuminate\Routing\{closure}(Object(Illuminate\Http\Request))
#13 /var/www/html/jyhifone/vendor/laravel/framework/src/Illuminate/Pipeline/Pipeline.php(102): call_user_func(Object(Closure), Object(Illuminate\Http\Request))
#14 /var/www/html/jyhifone/vendor/laravel/framework/src/Illuminate/Routing/ControllerDispatcher.php(96): Illuminate\Pipeline\Pipeline->then(Object(Closure))
#15 /var/www/html/jyhifone/vendor/laravel/framework/src/Illuminate/Routing/ControllerDispatcher.php(54): Illuminate\Routing\ControllerDispatcher->callWithinStack(Object(Hifone\Http\Controllers\SendGiftController), Object(Illuminate\Routing\Route), Object(Illuminate\Http\Request), 'gift')
#16 /var/www/html/jyhifone/vendor/laravel/framework/src/Illuminate/Routing/Route.php(174): Illuminate\Routing\ControllerDispatcher->dispatch(Object(Illuminate\Routing\Route), Object(Illuminate\Http\Request), 'Hifone\\Http\\Con...', 'gift')
#17 /var/www/html/jyhifone/vendor/laravel/framework/src/Illuminate/Routing/Route.php(140): Illuminate\Routing\Route->runController(Object(Illuminate\Http\Request))
#18 /var/www/html/jyhifone/vendor/laravel/framework/src/Illuminate/Routing/Router.php(724): Illuminate\Routing\Route->run(Object(Illuminate\Http\Request))
#19 [internal function]: Illuminate\Routing\Router->Illuminate\Routing\{closure}(Object(Illuminate\Http\Request))
#20 /var/www/html/jyhifone/vendor/laravel/framework/src/Illuminate/Routing/Pipeline.php(52): call_user_func(Object(Closure), Object(Illuminate\Http\Request))
#21 /var/www/html/jyhifone/app/Http/Middleware/Authenticate.php(63): Illuminate\Routing\Pipeline->Illuminate\Routing\{closure}(Object(Illuminate\Http\Request))
#22 [internal function]: Hifone\Http\Middleware\Authenticate->handle(Object(Illuminate\Http\Request), Object(Closure))
#23 /var/www/html/jyhifone/vendor/laravel/framework/src/Illuminate/Pipeline/Pipeline.php(136): call_user_func_array(Array, Array)
#24 [internal function]: Illuminate\Pipeline\Pipeline->Illuminate\Pipeline\{closure}(Object(Illuminate\Http\Request))
#25 /var/www/html/jyhifone/vendor/laravel/framework/src/Illuminate/Routing/Pipeline.php(32): call_user_func(Object(Closure), Object(Illuminate\Http\Request))
#26 /var/www/html/jyhifone/app/Http/Middleware/ReadyForUse.php(40): Illuminate\Routing\Pipeline->Illuminate\Routing\{closure}(Object(Illuminate\Http\Request))
#27 [internal function]: Hifone\Http\Middleware\ReadyForUse->handle(Object(Illuminate\Http\Request), Object(Closure))
#28 /var/www/html/jyhifone/vendor/laravel/framework/src/Illuminate/Pipeline/Pipeline.php(136): call_user_func_array(Array, Array)
#29 [internal function]: Illuminate\Pipeline\Pipeline->Illuminate\Pipeline\{closure}(Object(Illuminate\Http\Request))
#30 /var/www/html/jyhifone/vendor/laravel/framework/src/Illuminate/Routing/Pipeline.php(32): call_user_func(Object(Closure), Object(Illuminate\Http\Request))
#31 /var/www/html/jyhifone/vendor/spatie/laravel-pjax/src/Middleware/FilterIfPjax.php(29): Illuminate\Routing\Pipeline->Illuminate\Routing\{closure}(Object(Illuminate\Http\Request))
#32 [internal function]: Spatie\Pjax\Middleware\FilterIfPjax->handle(Object(Illuminate\Http\Request), Object(Closure))
#33 /var/www/html/jyhifone/vendor/laravel/framework/src/Illuminate/Pipeline/Pipeline.php(136): call_user_func_array(Array, Array)
#34 [internal function]: Illuminate\Pipeline\Pipeline->Illuminate\Pipeline\{closure}(Object(Illuminate\Http\Request))
#35 /var/www/html/jyhifone/vendor/laravel/framework/src/Illuminate/Routing/Pipeline.php(32): call_user_func(Object(Closure), Object(Illuminate\Http\Request))
#36 /var/www/html/jyhifone/vendor/laravel/framework/src/Illuminate/View/Middleware/ShareErrorsFromSession.php(49): Illuminate\Routing\Pipeline->Illuminate\Routing\{closure}(Object(Illuminate\Http\Request))
#37 [internal function]: Illuminate\View\Middleware\ShareErrorsFromSession->handle(Object(Illuminate\Http\Request), Object(Closure))
#38 /var/www/html/jyhifone/vendor/laravel/framework/src/Illuminate/Pipeline/Pipeline.php(136): call_user_func_array(Array, Array)
#39 [internal function]: Illuminate\Pipeline\Pipeline->Illuminate\Pipeline\{closure}(Object(Illuminate\Http\Request))
#40 /var/www/html/jyhifone/vendor/laravel/framework/src/Illuminate/Routing/Pipeline.php(32): call_user_func(Object(Closure), Object(Illuminate\Http\Request))
#41 /var/www/html/jyhifone/vendor/laravel/framework/src/Illuminate/Session/Middleware/StartSession.php(62): Illuminate\Routing\Pipeline->Illuminate\Routing\{closure}(Object(Illuminate\Http\Request))
#42 [internal function]: Illuminate\Session\Middleware\StartSession->handle(Object(Illuminate\Http\Request), Object(Closure))
#43 /var/www/html/jyhifone/vendor/laravel/framework/src/Illuminate/Pipeline/Pipeline.php(136): call_user_func_array(Array, Array)
#44 [internal function]: Illuminate\Pipeline\Pipeline->Illuminate\Pipeline\{closure}(Object(Illuminate\Http\Request))
#45 /var/www/html/jyhifone/vendor/laravel/framework/src/Illuminate/Routing/Pipeline.php(32): call_user_func(Object(Closure), Object(Illuminate\Http\Request))
#46 /var/www/html/jyhifone/vendor/laravel/framework/src/Illuminate/Cookie/Middleware/AddQueuedCookiesToResponse.php(37): Illuminate\Routing\Pipeline->Illuminate\Routing\{closure}(Object(Illuminate\Http\Request))
#47 [internal function]: Illuminate\Cookie\Middleware\AddQueuedCookiesToResponse->handle(Object(Illuminate\Http\Request), Object(Closure))
#48 /var/www/html/jyhifone/vendor/laravel/framework/src/Illuminate/Pipeline/Pipeline.php(136): call_user_func_array(Array, Array)
#49 [internal function]: Illuminate\Pipeline\Pipeline->Illuminate\Pipeline\{closure}(Object(Illuminate\Http\Request))
#50 /var/www/html/jyhifone/vendor/laravel/framework/src/Illuminate/Routing/Pipeline.php(32): call_user_func(Object(Closure), Object(Illuminate\Http\Request))
#51 /var/www/html/jyhifone/vendor/laravel/framework/src/Illuminate/Cookie/Middleware/EncryptCookies.php(59): Illuminate\Routing\Pipeline->Illuminate\Routing\{closure}(Object(Illuminate\Http\Request))
#52 [internal function]: Illuminate\Cookie\Middleware\EncryptCookies->handle(Object(Illuminate\Http\Request), Object(Closure))
#53 /var/www/html/jyhifone/vendor/laravel/framework/src/Illuminate/Pipeline/Pipeline.php(136): call_user_func_array(Array, Array)
#54 [internal function]: Illuminate\Pipeline\Pipeline->Illuminate\Pipeline\{closure}(Object(Illuminate\Http\Request))
#55 /var/www/html/jyhifone/vendor/laravel/framework/src/Illuminate/Routing/Pipeline.php(32): call_user_func(Object(Closure), Object(Illuminate\Http\Request))
#56 [internal function]: Illuminate\Routing\Pipeline->Illuminate\Routing\{closure}(Object(Illuminate\Http\Request))
#57 /var/www/html/jyhifone/vendor/laravel/framework/src/Illuminate/Pipeline/Pipeline.php(102): call_user_func(Object(Closure), Object(Illuminate\Http\Request))
#58 /var/www/html/jyhifone/vendor/laravel/framework/src/Illuminate/Routing/Router.php(726): Illuminate\Pipeline\Pipeline->then(Object(Closure))
#59 /var/www/html/jyhifone/vendor/laravel/framework/src/Illuminate/Routing/Router.php(699): Illuminate\Routing\Router->runRouteWithinStack(Object(Illuminate\Routing\Route), Object(Illuminate\Http\Request))
#60 /var/www/html/jyhifone/vendor/laravel/framework/src/Illuminate/Routing/Router.php(675): Illuminate\Routing\Router->dispatchToRoute(Object(Illuminate\Http\Request))
#61 /var/www/html/jyhifone/vendor/laravel/framework/src/Illuminate/Foundation/Http/Kernel.php(246): Illuminate\Routing\Router->dispatch(Object(Illuminate\Http\Request))
#62 [internal function]: Illuminate\Foundation\Http\Kernel->Illuminate\Foundation\Http\{closure}(Object(Illuminate\Http\Request))
#63 /var/www/html/jyhifone/vendor/laravel/framework/src/Illuminate/Routing/Pipeline.php(52): call_user_func(Object(Closure), Object(Illuminate\Http\Request))
#64 /var/www/html/jyhifone/vendor/laravel/framework/src/Illuminate/Foundation/Http/Middleware/CheckForMaintenanceMode.php(44): Illuminate\Routing\Pipeline->Illuminate\Routing\{closure}(Object(Illuminate\Http\Request))
#65 [internal function]: Illuminate\Foundation\Http\Middleware\CheckForMaintenanceMode->handle(Object(Illuminate\Http\Request), Object(Closure))
#66 /var/www/html/jyhifone/vendor/laravel/framework/src/Illuminate/Pipeline/Pipeline.php(136): call_user_func_array(Array, Array)
#67 [internal function]: Illuminate\Pipeline\Pipeline->Illuminate\Pipeline\{closure}(Object(Illuminate\Http\Request))
#68 /var/www/html/jyhifone/vendor/laravel/framework/src/Illuminate/Routing/Pipeline.php(32): call_user_func(Object(Closure), Object(Illuminate\Http\Request))
#69 [internal function]: Illuminate\Routing\Pipeline->Illuminate\Routing\{closure}(Object(Illuminate\Http\Request))
#70 /var/www/html/jyhifone/vendor/laravel/framework/src/Illuminate/Pipeline/Pipeline.php(102): call_user_func(Object(Closure), Object(Illuminate\Http\Request))
#71 /var/www/html/jyhifone/vendor/laravel/framework/src/Illuminate/Foundation/Http/Kernel.php(132): Illuminate\Pipeline\Pipeline->then(Object(Closure))
#72 /var/www/html/jyhifone/vendor/laravel/framework/src/Illuminate/Foundation/Http/Kernel.php(99): Illuminate\Foundation\Http\Kernel->sendRequestThroughRouter(Object(Illuminate\Http\Request))
#73 /var/www/html/jyhifone/public/index.php(61): Illuminate\Foundation\Http\Kernel->handle(Object(Illuminate\Http\Request))
#74 {main} {"identification":{"id":"b2ee3c1b-7404-43ce-a053-68928c14959b"}} 
[2017-04-10 00:02:21] production.ERROR: ParseError: syntax error, unexpected '；' (T_STRING) in /var/www/html/jyhifone/app/Http/Controllers/SendGiftController.php:34
Stack trace:
#0 /var/www/html/jyhifone/vendor/composer/ClassLoader.php(301): Composer\Autoload\includeFile('/var/www/html/j...')
#1 [internal function]: Composer\Autoload\ClassLoader->loadClass('Hifone\\Http\\Con...')
#2 [internal function]: spl_autoload_call('Hifone\\Http\\Con...')
#3 /var/www/html/jyhifone/vendor/laravel/framework/src/Illuminate/Routing/Route.php(280): ReflectionMethod->__construct('Hifone\\Http\\Con...', 'gift')
#4 /var/www/html/jyhifone/vendor/laravel/framework/src/Illuminate/Routing/Router.php(857): Illuminate\Routing\Route->signatureParameters('Illuminate\\Data...')
#5 /var/www/html/jyhifone/vendor/laravel/framework/src/Illuminate/Routing/Router.php(842): Illuminate\Routing\Router->substituteImplicitBindings(Object(Illuminate\Routing\Route))
#6 /var/www/html/jyhifone/vendor/laravel/framework/src/Illuminate/Routing/Router.php(825): Illuminate\Routing\Router->substituteBindings(Object(Illuminate\Routing\Route))
#7 /var/www/html/jyhifone/vendor/laravel/framework/src/Illuminate/Routing/Router.php(691): Illuminate\Routing\Router->findRoute(Object(Illuminate\Http\Request))
#8 /var/www/html/jyhifone/vendor/laravel/framework/src/Illuminate/Routing/Router.php(675): Illuminate\Routing\Router->dispatchToRoute(Object(Illuminate\Http\Request))
#9 /var/www/html/jyhifone/vendor/laravel/framework/src/Illuminate/Foundation/Http/Kernel.php(246): Illuminate\Routing\Router->dispatch(Object(Illuminate\Http\Request))
#10 [internal function]: Illuminate\Foundation\Http\Kernel->Illuminate\Foundation\Http\{closure}(Object(Illuminate\Http\Request))
#11 /var/www/html/jyhifone/vendor/laravel/framework/src/Illuminate/Routing/Pipeline.php(52): call_user_func(Object(Closure), Object(Illuminate\Http\Request))
#12 /var/www/html/jyhifone/vendor/laravel/framework/src/Illuminate/Foundation/Http/Middleware/CheckForMaintenanceMode.php(44): Illuminate\Routing\Pipeline->Illuminate\Routing\{closure}(Object(Illuminate\Http\Request))
#13 [internal function]: Illuminate\Foundation\Http\Middleware\CheckForMaintenanceMode->handle(Object(Illuminate\Http\Request), Object(Closure))
#14 /var/www/html/jyhifone/vendor/laravel/framework/src/Illuminate/Pipeline/Pipeline.php(136): call_user_func_array(Array, Array)
#15 [internal function]: Illuminate\Pipeline\Pipeline->Illuminate\Pipeline\{closure}(Object(Illuminate\Http\Request))
#16 /var/www/html/jyhifone/vendor/laravel/framework/src/Illuminate/Routing/Pipeline.php(32): call_user_func(Object(Closure), Object(Illuminate\Http\Request))
#17 [internal function]: Illuminate\Routing\Pipeline->Illuminate\Routing\{closure}(Object(Illuminate\Http\Request))
#18 /var/www/html/jyhifone/vendor/laravel/framework/src/Illuminate/Pipeline/Pipeline.php(102): call_user_func(Object(Closure), Object(Illuminate\Http\Request))
#19 /var/www/html/jyhifone/vendor/laravel/framework/src/Illuminate/Foundation/Http/Kernel.php(132): Illuminate\Pipeline\Pipeline->then(Object(Closure))
#20 /var/www/html/jyhifone/vendor/laravel/framework/src/Illuminate/Foundation/Http/Kernel.php(99): Illuminate\Foundation\Http\Kernel->sendRequestThroughRouter(Object(Illuminate\Http\Request))
#21 /var/www/html/jyhifone/public/index.php(61): Illuminate\Foundation\Http\Kernel->handle(Object(Illuminate\Http\Request))
#22 {main}

Next ReflectionException: Class Hifone\Http\Controllers\SendGiftController does not exist in /var/www/html/jyhifone/vendor/laravel/framework/src/Illuminate/Routing/Route.php:280
Stack trace:
#0 /var/www/html/jyhifone/vendor/laravel/framework/src/Illuminate/Routing/Route.php(280): ReflectionMethod->__construct('Hifone\\Http\\Con...', 'gift')
#1 /var/www/html/jyhifone/vendor/laravel/framework/src/Illuminate/Routing/Router.php(857): Illuminate\Routing\Route->signatureParameters('Illuminate\\Data...')
#2 /var/www/html/jyhifone/vendor/laravel/framework/src/Illuminate/Routing/Router.php(842): Illuminate\Routing\Router->substituteImplicitBindings(Object(Illuminate\Routing\Route))
#3 /var/www/html/jyhifone/vendor/laravel/framework/src/Illuminate/Routing/Router.php(825): Illuminate\Routing\Router->substituteBindings(Object(Illuminate\Routing\Route))
#4 /var/www/html/jyhifone/vendor/laravel/framework/src/Illuminate/Routing/Router.php(691): Illuminate\Routing\Router->findRoute(Object(Illuminate\Http\Request))
#5 /var/www/html/jyhifone/vendor/laravel/framework/src/Illuminate/Routing/Router.php(675): Illuminate\Routing\Router->dispatchToRoute(Object(Illuminate\Http\Request))
#6 /var/www/html/jyhifone/vendor/laravel/framework/src/Illuminate/Foundation/Http/Kernel.php(246): Illuminate\Routing\Router->dispatch(Object(Illuminate\Http\Request))
#7 [internal function]: Illuminate\Foundation\Http\Kernel->Illuminate\Foundation\Http\{closure}(Object(Illuminate\Http\Request))
#8 /var/www/html/jyhifone/vendor/laravel/framework/src/Illuminate/Routing/Pipeline.php(52): call_user_func(Object(Closure), Object(Illuminate\Http\Request))
#9 /var/www/html/jyhifone/vendor/laravel/framework/src/Illuminate/Foundation/Http/Middleware/CheckForMaintenanceMode.php(44): Illuminate\Routing\Pipeline->Illuminate\Routing\{closure}(Object(Illuminate\Http\Request))
#10 [internal function]: Illuminate\Foundation\Http\Middleware\CheckForMaintenanceMode->handle(Object(Illuminate\Http\Request), Object(Closure))
#11 /var/www/html/jyhifone/vendor/laravel/framework/src/Illuminate/Pipeline/Pipeline.php(136): call_user_func_array(Array, Array)
#12 [internal function]: Illuminate\Pipeline\Pipeline->Illuminate\Pipeline\{closure}(Object(Illuminate\Http\Request))
#13 /var/www/html/jyhifone/vendor/laravel/framework/src/Illuminate/Routing/Pipeline.php(32): call_user_func(Object(Closure), Object(Illuminate\Http\Request))
#14 [internal function]: Illuminate\Routing\Pipeline->Illuminate\Routing\{closure}(Object(Illuminate\Http\Request))
#15 /var/www/html/jyhifone/vendor/laravel/framework/src/Illuminate/Pipeline/Pipeline.php(102): call_user_func(Object(Closure), Object(Illuminate\Http\Request))
#16 /var/www/html/jyhifone/vendor/laravel/framework/src/Illuminate/Foundation/Http/Kernel.php(132): Illuminate\Pipeline\Pipeline->then(Object(Closure))
#17 /var/www/html/jyhifone/vendor/laravel/framework/src/Illuminate/Foundation/Http/Kernel.php(99): Illuminate\Foundation\Http\Kernel->sendRequestThroughRouter(Object(Illuminate\Http\Request))
#18 /var/www/html/jyhifone/public/index.php(61): Illuminate\Foundation\Http\Kernel->handle(Object(Illuminate\Http\Request))
#19 {main} {"identification":{"id":"556c078d-532a-48df-95f7-d59221844e4a"}} 
[2017-04-10 00:02:21] production.CRITICAL: Symfony\Component\Debug\Exception\FatalThrowableError: Type error: Argument 1 passed to Whoops\Exception\Inspector::__construct() must be an instance of Exception, instance of ParseError given, called in /var/www/html/jyhifone/vendor/filp/whoops/src/Whoops/Exception/Inspector.php on line 80 in /var/www/html/jyhifone/vendor/filp/whoops/src/Whoops/Exception/Inspector.php:31
Stack trace:
#0 /var/www/html/jyhifone/vendor/filp/whoops/src/Whoops/Exception/Inspector.php(80): Whoops\Exception\Inspector->__construct(Object(ParseError))
#1 /var/www/html/jyhifone/vendor/filp/whoops/src/Whoops/Exception/Inspector.php(109): Whoops\Exception\Inspector->getPreviousExceptionInspector()
#2 /var/www/html/jyhifone/vendor/filp/whoops/src/Whoops/Handler/PrettyPageHandler.php(130): Whoops\Exception\Inspector->getFrames()
#3 /var/www/html/jyhifone/vendor/filp/whoops/src/Whoops/Run.php(256): Whoops\Handler\PrettyPageHandler->handle(Object(ReflectionException))
#4 /var/www/html/jyhifone/vendor/graham-campbell/exceptions/src/Displayers/DebugDisplayer.php(38): Whoops\Run->handleException(Object(ReflectionException))
#5 /var/www/html/jyhifone/vendor/graham-campbell/exceptions/src/ExceptionHandlerTrait.php(89): GrahamCampbell\Exceptions\Displayers\DebugDisplayer->display(Object(ReflectionException), '556c078d-532a-4...', 500, Array)
#6 /var/www/html/jyhifone/vendor/laravel/framework/src/Illuminate/Routing/Pipeline.php(80): GrahamCampbell\Exceptions\ExceptionHandler->render(Object(Illuminate\Http\Request), Object(ReflectionException))
#7 /var/www/html/jyhifone/vendor/laravel/framework/src/Illuminate/Routing/Pipeline.php(54): Illuminate\Routing\Pipeline->handleException(Object(Illuminate\Http\Request), Object(ReflectionException))
#8 /var/www/html/jyhifone/vendor/laravel/framework/src/Illuminate/Foundation/Http/Middleware/CheckForMaintenanceMode.php(44): Illuminate\Routing\Pipeline->Illuminate\Routing\{closure}(Object(Illuminate\Http\Request))
#9 [internal function]: Illuminate\Foundation\Http\Middleware\CheckForMaintenanceMode->handle(Object(Illuminate\Http\Request), Object(Closure))
#10 /var/www/html/jyhifone/vendor/laravel/framework/src/Illuminate/Pipeline/Pipeline.php(136): call_user_func_array(Array, Array)
#11 [internal function]: Illuminate\Pipeline\Pipeline->Illuminate\Pipeline\{closure}(Object(Illuminate\Http\Request))
#12 /var/www/html/jyhifone/vendor/laravel/framework/src/Illuminate/Routing/Pipeline.php(32): call_user_func(Object(Closure), Object(Illuminate\Http\Request))
#13 [internal function]: Illuminate\Routing\Pipeline->Illuminate\Routing\{closure}(Object(Illuminate\Http\Request))
#14 /var/www/html/jyhifone/vendor/laravel/framework/src/Illuminate/Pipeline/Pipeline.php(102): call_user_func(Object(Closure), Object(Illuminate\Http\Request))
#15 /var/www/html/jyhifone/vendor/laravel/framework/src/Illuminate/Foundation/Http/Kernel.php(132): Illuminate\Pipeline\Pipeline->then(Object(Closure))
#16 /var/www/html/jyhifone/vendor/laravel/framework/src/Illuminate/Foundation/Http/Kernel.php(99): Illuminate\Foundation\Http\Kernel->sendRequestThroughRouter(Object(Illuminate\Http\Request))
#17 /var/www/html/jyhifone/public/index.php(61): Illuminate\Foundation\Http\Kernel->handle(Object(Illuminate\Http\Request))
#18 {main} {"identification":{"id":"5cc8d9d9-07ce-4fc0-94f4-f43a21a49050"}} 
